#
# A fatal error has been detected by the Java Runtime Environment:
#
#  EXCEPTION_ACCESS_VIOLATION (0xc0000005) at pc=0x000001bf2a9e4543, pid=6464, tid=1092
#
# JRE version: Java(TM) SE Runtime Environment 18.9 (11.0.24+7) (build 11.0.24+7-LTS-271)
# Java VM: Java HotSpot(TM) 64-Bit Server VM 18.9 (11.0.24+7-LTS-271, mixed mode, tiered, compressed oops, g1 gc, windows-amd64)
# Problematic frame:
# j  java.util.Properties.load0(Ljava/util/Properties$LineReader;)V+9 java.base@11.0.24
#
# No core dump will be written. Minidumps are not enabled by default on client versions of Windows
#
# If you would like to submit a bug report, please visit:
#   https://bugreport.java.com/bugreport/crash.jsp
#

---------------  S U M M A R Y ------------

Command Line: -agentlib:jdwp=transport=dt_socket,address=127.0.0.1:6197,suspend=y,server=n -XX:TieredStopAtLevel=1 -Xverify:none -Dspring.output.ansi.enabled=always -Dcom.sun.management.jmxremote -Dspring.jmx.enabled=true -Dspring.liveBeansView.mbeanDomain -Dspring.application.admin.enabled=true -Dmanagement.endpoints.jmx.exposure.include=* -javaagent:C:\Users\Zack\AppData\Local\JetBrains\IntelliJIdea2024.2\captureAgent\debugger-agent.jar -Dkotlinx.coroutines.debug.enable.creation.stack.trace=false -Ddebugger.agent.enable.coroutines=true -Dfile.encoding=UTF-8 zack.SpringSecurityApplication

Host: Intel(R) Core(TM) i7-9750H CPU @ 2.60GHz, 12 cores, 15G,  Windows 10 , 64 bit Build 19041 (10.0.19041.4842)
Time: Sat Sep 14 10:58:51 2024 Europe de l , 64 bit Build 19041 (10.0.19041.4842) elapsed time: 3.483348 seconds (0d 0h 0m 3s)

---------------  T H R E A D  ---------------

Current thread (0x000001bf232d5000):  JavaThread "main" [_thread_in_Java, id=1092, stack(0x0000005165300000,0x0000005165400000)]

Stack: [0x0000005165300000,0x0000005165400000],  sp=0x00000051653fe7f0,  free space=1017k
Native frames: (J=compiled Java code, j=interpreted, Vv=VM code, C=native code)
C  0x000001bf2a9e4543


siginfo: EXCEPTION_ACCESS_VIOLATION (0xc0000005), data execution prevention violation at address 0x000041bf2a9e4540


Register to memory mapping:

RIP=0x000001bf2a9e4543 is at code_begin+67 in an Interpreter codelet
goto  167 goto  [0x000001bf2a9e4500, 0x000001bf2a9e4ca0]  1952 bytes
RAX=0x0 is NULL
RBX=0x00000000000000a7 is an unknown value
RCX={method} {0x000001bf464246f0} 'load0' '(Ljava/util/Properties$LineReader;)V' in 'java/util/Properties'
RDX=0x0000000000000001 is an unknown value
RSP=0x00000051653fe7f0 is pointing into the stack for thread: 0x000001bf232d5000
RBP=0x00000051653fe838 is pointing into the stack for thread: 0x000001bf232d5000
RSI=0x0000000000002000 is an unknown value
RDI=0x000000070f59b1d8 is an oop: java.util.Properties$LineReader 
{0x000000070f59b1d8} - klass: 'java/util/Properties$LineReader'
 - ---- fields (total size 5 words):
 - private 'inLimit' 'I' @12  8192 (2000)
 - private 'inOff' 'I' @16  6984 (1b48)
 - 'lineBuf' '[C' @20  [C{0x000000070f59b200} (e1eb3640)
 - private 'inByteBuf' '[B' @24  [B{0x000000070f59ba10} (e1eb3742)
 - private 'inCharBuf' '[C' @28  NULL (0)
 - private 'inStream' 'Ljava/io/InputStream;' @32  a 'sun/net/www/protocol/jar/JarURLConnection$JarURLInputStream'{0x000000070f598af0} (e1eb315e)
 - private 'reader' 'Ljava/io/Reader;' @36  NULL (0)
R8 =0x000000000000000a is an unknown value
R9 =0x0000000000001b48 is an unknown value
R10=0x00007fffc7a542f0 jvm.dll
R11=0x0 is NULL
R12=0x0 is NULL
R13=0x000001bf464245ba is pointing into metadata
R14=0x00000051653fe890 is pointing into the stack for thread: 0x000001bf232d5000
R15=0x000001bf232d5000 is a thread


Registers:
RAX=0x0000000000000000, RBX=0x00000000000000a7, RCX=0x000001bf464246e8, RDX=0x0000000000000001
RSP=0x00000051653fe7f0, RBP=0x00000051653fe838, RSI=0x0000000000002000, RDI=0x000000070f59b1d8
R8 =0x000000000000000a, R9 =0x0000000000001b48, R10=0x00007fffc7a542f0, R11=0x0000000000000000
R12=0x0000000000000000, R13=0x000001bf464245ba, R14=0x00000051653fe890, R15=0x000001bf232d5000
RIP=0x000001bf2a9e4543, EFLAGS=0x0000000000010202

Top of Stack: (sp=0x00000051653fe7f0)
0x00000051653fe7f0:   00000051653fe7f0 000001bf46424539
0x00000051653fe800:   00000051653fe890 000001bf465342d8
0x00000051653fe810:   0000000000000000 000000070201ed00
0x00000051653fe820:   000001bf464246e8 0000000000000000
0x00000051653fe830:   00000051653fe888 00000051653fe8f0
0x00000051653fe840:   000001bf2a9cccfd 000000070f5acaa0
0x00000051653fe850:   000000070000006f 0000000000000000
0x00000051653fe860:   0000000000000000 0000000000000050
0x00000051653fe870:   0000000000000017 0000000000000050
0x00000051653fe880:   000000070f59da20 000000070f59b1d8
0x00000051653fe890:   000000070f597468 000001bf2a9cc810
0x00000051653fe8a0:   000000070f597468 00000051653fe898
0x00000051653fe8b0:   000001bf46424478 00000051653fe908
0x00000051653fe8c0:   000001bf465342d8 0000000000000000
0x00000051653fe8d0:   000000070201ed00 000001bf464244a8
0x00000051653fe8e0:   00000051653fe888 00000051653fe900 

Instructions: (pc=0x000001bf2a9e4543)
0x000001bf2a9e4523:   83 ec 10 48 89 04 24 49 ba 00 00 00 00 00 00 00
0x000001bf2a9e4533:   00 4c 89 54 24 08 e9 01 00 00 00 50 48 8b 4d e8
0x000001bf2a9e4543:   48 8b 45 d8 48 85 c0 0f 84 18 00 00 00 48 8b 58
0x000001bf2a9e4553:   08 48 83 c3 01 48 83 db 00 48 89 58 08 48 03 40 


Stack slot to memory mapping:
stack at sp + 0 slots: 0x00000051653fe7f0 is pointing into the stack for thread: 0x000001bf232d5000
stack at sp + 1 slots: 0x000001bf46424539 is pointing into metadata
stack at sp + 2 slots: 0x00000051653fe890 is pointing into the stack for thread: 0x000001bf232d5000
stack at sp + 3 slots: 0x000001bf465342d8 is pointing into metadata
stack at sp + 4 slots: 0x0 is NULL
stack at sp + 5 slots: 0x000000070201ed00 is an oop: java.lang.Class 
{0x000000070201ed00} - klass: 'java/lang/Class'
 - ---- fields (total size 16 words):
 - private volatile transient strict 'cachedConstructor' 'Ljava/lang/reflect/Constructor;' @12  NULL (0)
 - private volatile transient strict 'newInstanceCallerCache' 'Ljava/lang/Class;' @16  NULL (0)
 - private transient 'name' 'Ljava/lang/String;' @20  "java.util.Properties"{0x000000070fa53d20} (e1f4a7a4)
 - private transient 'module' 'Ljava/lang/Module;' @24  a 'java/lang/Module'{0x000000070fa643d8} (e1f4c87b)
 - private final 'classLoader' 'Ljava/lang/ClassLoader;' @28  NULL (0)
 - private transient 'packageName' 'Ljava/lang/String;' @32  NULL (0)
 - private final strict 'componentType' 'Ljava/lang/Class;' @36  NULL (0)
 - private volatile transient strict 'reflectionData' 'Ljava/lang/ref/SoftReference;' @40  NULL (0)
 - private volatile transient 'genericInfo' 'Lsun/reflect/generics/repository/ClassRepository;' @44  NULL (0)
 - private volatile transient strict 'enumConstants' '[Ljava/lang/Object;' @48  NULL (0)
 - private volatile transient strict 'enumConstantDirectory' 'Ljava/util/Map;' @52  NULL (0)
 - private volatile transient 'annotationData' 'Ljava/lang/Class$AnnotationData;' @56  NULL (0)
 - private volatile transient 'annotationType' 'Lsun/reflect/annotation/AnnotationType;' @60  NULL (0)
 - transient 'classValueMap' 'Ljava/lang/ClassValue$ClassValueMap;' @64  NULL (0)
 - private volatile transient 'classRedefinedCount' 'I' @96  0
 - signature: Ljava/util/Properties;
 - fake entry for mirror: 'java/util/Properties'
 - fake entry for array: 'java/util/Properties'[]
 - fake entry for oop_size: 16
 - fake entry for static_oop_field_count: 2
 - private static final 'serialVersionUID' 'J' @120  4112578634029874840 (70363e98 3912d07a)
 - private static final 'UNSAFE' 'Ljdk/internal/misc/Unsafe;' @112  a 'jdk/internal/misc/Unsafe'{0x000000070fa514b8} (e1f4a297)
 - private static final 'hexDigit' '[C' @116  [C{0x000000070201ed80} (e0403db0)
stack at sp + 6 slots: {method} {0x000001bf464246f0} 'load0' '(Ljava/util/Properties$LineReader;)V' in 'java/util/Properties'
stack at sp + 7 slots: 0x0 is NULL

goto  167 goto  [0x000001bf2a9e4500, 0x000001bf2a9e4ca0]  1952 bytes

---------------  P R O C E S S  ---------------

Threads class SMR info:
_java_thread_list=0x000001bf489bff70, length=16, elements={
0x000001bf232d5000, 0x000001bf463d7800, 0x000001bf463d8800, 0x000001bf46cd9800,
0x000001bf46cda800, 0x000001bf46cdb800, 0x000001bf46ce6800, 0x000001bf46ced800,
0x000001bf46e1f800, 0x000001bf46e62800, 0x000001bf46e7e800, 0x000001bf46e7f800,
0x000001bf474f8800, 0x000001bf4856a800, 0x000001bf48602800, 0x000001bf47138800
}

Java Threads: ( => current thread )
=>0x000001bf232d5000 JavaThread "main" [_thread_in_Java, id=1092, stack(0x0000005165300000,0x0000005165400000)]
  0x000001bf463d7800 JavaThread "Reference Handler" daemon [_thread_blocked, id=6348, stack(0x0000005165a00000,0x0000005165b00000)]
  0x000001bf463d8800 JavaThread "Finalizer" daemon [_thread_blocked, id=2580, stack(0x0000005165b00000,0x0000005165c00000)]
  0x000001bf46cd9800 JavaThread "Signal Dispatcher" daemon [_thread_blocked, id=13772, stack(0x0000005165c00000,0x0000005165d00000)]
  0x000001bf46cda800 JavaThread "Attach Listener" daemon [_thread_blocked, id=2040, stack(0x0000005165d00000,0x0000005165e00000)]
  0x000001bf46cdb800 JavaThread "Service Thread" daemon [_thread_blocked, id=6760, stack(0x0000005165e00000,0x0000005165f00000)]
  0x000001bf46ce6800 JavaThread "C1 CompilerThread0" daemon [_thread_blocked, id=11288, stack(0x0000005165f00000,0x0000005166000000)]
  0x000001bf46ced800 JavaThread "Sweeper thread" daemon [_thread_blocked, id=8508, stack(0x0000005166000000,0x0000005166100000)]
  0x000001bf46e1f800 JavaThread "Common-Cleaner" daemon [_thread_blocked, id=15220, stack(0x0000005166100000,0x0000005166200000)]
  0x000001bf46e62800 JavaThread "JDWP Transport Listener: dt_socket" daemon [_thread_blocked, id=16664, stack(0x0000005166200000,0x0000005166300000)]
  0x000001bf46e7e800 JavaThread "JDWP Event Helper Thread" daemon [_thread_blocked, id=6672, stack(0x0000005166300000,0x0000005166400000)]
  0x000001bf46e7f800 JavaThread "JDWP Command Reader" daemon [_thread_in_native, id=2976, stack(0x0000005166400000,0x0000005166500000)]
  0x000001bf474f8800 JavaThread "RMI TCP Accept-0" daemon [_thread_in_native, id=10008, stack(0x0000005166500000,0x0000005166600000)]
  0x000001bf4856a800 JavaThread "RMI TCP Connection(1)-192.168.0.8" daemon [_thread_blocked, id=4620, stack(0x0000005166d00000,0x0000005166e00000)]
  0x000001bf48602800 JavaThread "RMI Scheduler(0)" daemon [_thread_blocked, id=5172, stack(0x0000005166e00000,0x0000005166f00000)]
  0x000001bf47138800 JavaThread "JMX server connection timeout 22" daemon [_thread_blocked, id=10344, stack(0x0000005166c00000,0x0000005166d00000)]

Other Threads:
  0x000001bf463d3800 VMThread "VM Thread" [stack: 0x0000005165900000,0x0000005165a00000] [id=11860] _threads_hazard_ptr=0x000001bf489bff70
  0x000001bf47576800 WatcherThread [stack: 0x0000005166600000,0x0000005166700000] [id=8832]
  0x000001bf232eb000 GCTaskThread "GC Thread#0" [stack: 0x0000005165400000,0x0000005165500000] [id=8308]
  0x000001bf48443800 GCTaskThread "GC Thread#1" [stack: 0x0000005166700000,0x0000005166800000] [id=10088]
  0x000001bf48459000 GCTaskThread "GC Thread#2" [stack: 0x0000005166800000,0x0000005166900000] [id=8732]
  0x000001bf4844e800 GCTaskThread "GC Thread#3" [stack: 0x0000005166900000,0x0000005166a00000] [id=7520]
  0x000001bf48450800 GCTaskThread "GC Thread#4" [stack: 0x0000005166a00000,0x0000005166b00000] [id=1252]
  0x000001bf48478800 GCTaskThread "GC Thread#5" [stack: 0x0000005166b00000,0x0000005166c00000] [id=4396]
  0x000001bf2334a000 ConcurrentGCThread "G1 Main Marker" [stack: 0x0000005165500000,0x0000005165600000] [id=11428]
  0x000001bf2334b800 ConcurrentGCThread "G1 Conc#0" [stack: 0x0000005165600000,0x0000005165700000] [id=5620]
  0x000001bf48489800 ConcurrentGCThread "G1 Conc#1" [stack: 0x0000005166f00000,0x0000005167000000] [id=12364]
  0x000001bf48720000 ConcurrentGCThread "G1 Conc#2" [stack: 0x0000005167000000,0x0000005167100000] [id=15196]
  0x000001bf462bf800 ConcurrentGCThread "G1 Refine#0" [stack: 0x0000005165700000,0x0000005165800000] [id=14640]
  0x000001bf462c0800 ConcurrentGCThread "G1 Young RemSet Sampling" [stack: 0x0000005165800000,0x0000005165900000] [id=7264]

Threads with active compile tasks:
C1 CompilerThread0     3538 2119   !   1       java.io.ObjectOutputStream::writeObject0 (619 bytes)

VM state:synchronizing (normal execution)

VM Mutex/Monitor currently owned by a thread:  ([mutex/lock_event])
[0x000001bf232d1160] Safepoint_lock - owner thread: 0x000001bf463d3800
[0x000001bf232d0a10] Threads_lock - owner thread: 0x000001bf463d3800

Heap address: 0x0000000701e00000, size: 4066 MB, Compressed Oops mode: Zero based, Oop shift amount: 3
Narrow klass base: 0x0000000800000000, Narrow klass shift: 0
Compressed class space size: 1073741824 Address: 0x0000000800000000

Heap:
 garbage-first heap   total 262144K, used 43312K [0x0000000701e00000, 0x0000000800000000)
  region size 1024K, 42 young (43008K), 5 survivors (5120K)
 Metaspace       used 25668K, capacity 26327K, committed 26368K, reserved 1073152K
  class space    used 3041K, capacity 3290K, committed 3328K, reserved 1048576K
Heap Regions: E=young(eden), S=young(survivor), O=old, HS=humongous(starts), HC=humongous(continues), CS=collection set, F=free, A=archive, TAMS=top-at-mark-start (previous, next)
|   0|0x0000000701e00000, 0x0000000701f00000, 0x0000000701f00000|100%| O|  |TAMS 0x0000000701f00000, 0x0000000701e00000| Untracked 
|   1|0x0000000701f00000, 0x0000000702000000, 0x0000000702000000|100%| O|  |TAMS 0x0000000702000000, 0x0000000701f00000| Untracked 
|   2|0x0000000702000000, 0x0000000702089a00, 0x0000000702100000| 53%| O|  |TAMS 0x0000000702089a00, 0x0000000702000000| Untracked 
|   3|0x0000000702100000, 0x0000000702100000, 0x0000000702200000|  0%| F|  |TAMS 0x0000000702100000, 0x0000000702100000| Untracked 
|   4|0x0000000702200000, 0x0000000702200000, 0x0000000702300000|  0%| F|  |TAMS 0x0000000702200000, 0x0000000702200000| Untracked 
|   5|0x0000000702300000, 0x0000000702300000, 0x0000000702400000|  0%| F|  |TAMS 0x0000000702300000, 0x0000000702300000| Untracked 
|   6|0x0000000702400000, 0x0000000702400000, 0x0000000702500000|  0%| F|  |TAMS 0x0000000702400000, 0x0000000702400000| Untracked 
|   7|0x0000000702500000, 0x0000000702500000, 0x0000000702600000|  0%| F|  |TAMS 0x0000000702500000, 0x0000000702500000| Untracked 
|   8|0x0000000702600000, 0x0000000702600000, 0x0000000702700000|  0%| F|  |TAMS 0x0000000702600000, 0x0000000702600000| Untracked 
|   9|0x0000000702700000, 0x0000000702700000, 0x0000000702800000|  0%| F|  |TAMS 0x0000000702700000, 0x0000000702700000| Untracked 
|  10|0x0000000702800000, 0x0000000702800000, 0x0000000702900000|  0%| F|  |TAMS 0x0000000702800000, 0x0000000702800000| Untracked 
|  11|0x0000000702900000, 0x0000000702900000, 0x0000000702a00000|  0%| F|  |TAMS 0x0000000702900000, 0x0000000702900000| Untracked 
|  12|0x0000000702a00000, 0x0000000702a00000, 0x0000000702b00000|  0%| F|  |TAMS 0x0000000702a00000, 0x0000000702a00000| Untracked 
|  13|0x0000000702b00000, 0x0000000702b00000, 0x0000000702c00000|  0%| F|  |TAMS 0x0000000702b00000, 0x0000000702b00000| Untracked 
|  14|0x0000000702c00000, 0x0000000702c00000, 0x0000000702d00000|  0%| F|  |TAMS 0x0000000702c00000, 0x0000000702c00000| Untracked 
|  15|0x0000000702d00000, 0x0000000702d00000, 0x0000000702e00000|  0%| F|  |TAMS 0x0000000702d00000, 0x0000000702d00000| Untracked 
|  16|0x0000000702e00000, 0x0000000702e00000, 0x0000000702f00000|  0%| F|  |TAMS 0x0000000702e00000, 0x0000000702e00000| Untracked 
|  17|0x0000000702f00000, 0x0000000702f00000, 0x0000000703000000|  0%| F|  |TAMS 0x0000000702f00000, 0x0000000702f00000| Untracked 
|  18|0x0000000703000000, 0x0000000703000000, 0x0000000703100000|  0%| F|  |TAMS 0x0000000703000000, 0x0000000703000000| Untracked 
|  19|0x0000000703100000, 0x0000000703100000, 0x0000000703200000|  0%| F|  |TAMS 0x0000000703100000, 0x0000000703100000| Untracked 
|  20|0x0000000703200000, 0x0000000703200000, 0x0000000703300000|  0%| F|  |TAMS 0x0000000703200000, 0x0000000703200000| Untracked 
|  21|0x0000000703300000, 0x0000000703300000, 0x0000000703400000|  0%| F|  |TAMS 0x0000000703300000, 0x0000000703300000| Untracked 
|  22|0x0000000703400000, 0x0000000703400000, 0x0000000703500000|  0%| F|  |TAMS 0x0000000703400000, 0x0000000703400000| Untracked 
|  23|0x0000000703500000, 0x0000000703500000, 0x0000000703600000|  0%| F|  |TAMS 0x0000000703500000, 0x0000000703500000| Untracked 
|  24|0x0000000703600000, 0x0000000703600000, 0x0000000703700000|  0%| F|  |TAMS 0x0000000703600000, 0x0000000703600000| Untracked 
|  25|0x0000000703700000, 0x0000000703700000, 0x0000000703800000|  0%| F|  |TAMS 0x0000000703700000, 0x0000000703700000| Untracked 
|  26|0x0000000703800000, 0x0000000703800000, 0x0000000703900000|  0%| F|  |TAMS 0x0000000703800000, 0x0000000703800000| Untracked 
|  27|0x0000000703900000, 0x0000000703900000, 0x0000000703a00000|  0%| F|  |TAMS 0x0000000703900000, 0x0000000703900000| Untracked 
|  28|0x0000000703a00000, 0x0000000703a00000, 0x0000000703b00000|  0%| F|  |TAMS 0x0000000703a00000, 0x0000000703a00000| Untracked 
|  29|0x0000000703b00000, 0x0000000703b00000, 0x0000000703c00000|  0%| F|  |TAMS 0x0000000703b00000, 0x0000000703b00000| Untracked 
|  30|0x0000000703c00000, 0x0000000703c00000, 0x0000000703d00000|  0%| F|  |TAMS 0x0000000703c00000, 0x0000000703c00000| Untracked 
|  31|0x0000000703d00000, 0x0000000703d00000, 0x0000000703e00000|  0%| F|  |TAMS 0x0000000703d00000, 0x0000000703d00000| Untracked 
|  32|0x0000000703e00000, 0x0000000703e00000, 0x0000000703f00000|  0%| F|  |TAMS 0x0000000703e00000, 0x0000000703e00000| Untracked 
|  33|0x0000000703f00000, 0x0000000703f00000, 0x0000000704000000|  0%| F|  |TAMS 0x0000000703f00000, 0x0000000703f00000| Untracked 
|  34|0x0000000704000000, 0x0000000704000000, 0x0000000704100000|  0%| F|  |TAMS 0x0000000704000000, 0x0000000704000000| Untracked 
|  35|0x0000000704100000, 0x0000000704100000, 0x0000000704200000|  0%| F|  |TAMS 0x0000000704100000, 0x0000000704100000| Untracked 
|  36|0x0000000704200000, 0x0000000704200000, 0x0000000704300000|  0%| F|  |TAMS 0x0000000704200000, 0x0000000704200000| Untracked 
|  37|0x0000000704300000, 0x0000000704300000, 0x0000000704400000|  0%| F|  |TAMS 0x0000000704300000, 0x0000000704300000| Untracked 
|  38|0x0000000704400000, 0x0000000704400000, 0x0000000704500000|  0%| F|  |TAMS 0x0000000704400000, 0x0000000704400000| Untracked 
|  39|0x0000000704500000, 0x0000000704500000, 0x0000000704600000|  0%| F|  |TAMS 0x0000000704500000, 0x0000000704500000| Untracked 
|  40|0x0000000704600000, 0x0000000704600000, 0x0000000704700000|  0%| F|  |TAMS 0x0000000704600000, 0x0000000704600000| Untracked 
|  41|0x0000000704700000, 0x0000000704700000, 0x0000000704800000|  0%| F|  |TAMS 0x0000000704700000, 0x0000000704700000| Untracked 
|  42|0x0000000704800000, 0x0000000704800000, 0x0000000704900000|  0%| F|  |TAMS 0x0000000704800000, 0x0000000704800000| Untracked 
|  43|0x0000000704900000, 0x0000000704900000, 0x0000000704a00000|  0%| F|  |TAMS 0x0000000704900000, 0x0000000704900000| Untracked 
|  44|0x0000000704a00000, 0x0000000704a00000, 0x0000000704b00000|  0%| F|  |TAMS 0x0000000704a00000, 0x0000000704a00000| Untracked 
|  45|0x0000000704b00000, 0x0000000704b00000, 0x0000000704c00000|  0%| F|  |TAMS 0x0000000704b00000, 0x0000000704b00000| Untracked 
|  46|0x0000000704c00000, 0x0000000704c00000, 0x0000000704d00000|  0%| F|  |TAMS 0x0000000704c00000, 0x0000000704c00000| Untracked 
|  47|0x0000000704d00000, 0x0000000704d00000, 0x0000000704e00000|  0%| F|  |TAMS 0x0000000704d00000, 0x0000000704d00000| Untracked 
|  48|0x0000000704e00000, 0x0000000704e00000, 0x0000000704f00000|  0%| F|  |TAMS 0x0000000704e00000, 0x0000000704e00000| Untracked 
|  49|0x0000000704f00000, 0x0000000704f00000, 0x0000000705000000|  0%| F|  |TAMS 0x0000000704f00000, 0x0000000704f00000| Untracked 
|  50|0x0000000705000000, 0x0000000705000000, 0x0000000705100000|  0%| F|  |TAMS 0x0000000705000000, 0x0000000705000000| Untracked 
|  51|0x0000000705100000, 0x0000000705100000, 0x0000000705200000|  0%| F|  |TAMS 0x0000000705100000, 0x0000000705100000| Untracked 
|  52|0x0000000705200000, 0x0000000705200000, 0x0000000705300000|  0%| F|  |TAMS 0x0000000705200000, 0x0000000705200000| Untracked 
|  53|0x0000000705300000, 0x0000000705300000, 0x0000000705400000|  0%| F|  |TAMS 0x0000000705300000, 0x0000000705300000| Untracked 
|  54|0x0000000705400000, 0x0000000705400000, 0x0000000705500000|  0%| F|  |TAMS 0x0000000705400000, 0x0000000705400000| Untracked 
|  55|0x0000000705500000, 0x0000000705500000, 0x0000000705600000|  0%| F|  |TAMS 0x0000000705500000, 0x0000000705500000| Untracked 
|  56|0x0000000705600000, 0x0000000705600000, 0x0000000705700000|  0%| F|  |TAMS 0x0000000705600000, 0x0000000705600000| Untracked 
|  57|0x0000000705700000, 0x0000000705700000, 0x0000000705800000|  0%| F|  |TAMS 0x0000000705700000, 0x0000000705700000| Untracked 
|  58|0x0000000705800000, 0x0000000705800000, 0x0000000705900000|  0%| F|  |TAMS 0x0000000705800000, 0x0000000705800000| Untracked 
|  59|0x0000000705900000, 0x0000000705900000, 0x0000000705a00000|  0%| F|  |TAMS 0x0000000705900000, 0x0000000705900000| Untracked 
|  60|0x0000000705a00000, 0x0000000705a00000, 0x0000000705b00000|  0%| F|  |TAMS 0x0000000705a00000, 0x0000000705a00000| Untracked 
|  61|0x0000000705b00000, 0x0000000705b00000, 0x0000000705c00000|  0%| F|  |TAMS 0x0000000705b00000, 0x0000000705b00000| Untracked 
|  62|0x0000000705c00000, 0x0000000705c00000, 0x0000000705d00000|  0%| F|  |TAMS 0x0000000705c00000, 0x0000000705c00000| Untracked 
|  63|0x0000000705d00000, 0x0000000705d00000, 0x0000000705e00000|  0%| F|  |TAMS 0x0000000705d00000, 0x0000000705d00000| Untracked 
|  64|0x0000000705e00000, 0x0000000705e00000, 0x0000000705f00000|  0%| F|  |TAMS 0x0000000705e00000, 0x0000000705e00000| Untracked 
|  65|0x0000000705f00000, 0x0000000705f00000, 0x0000000706000000|  0%| F|  |TAMS 0x0000000705f00000, 0x0000000705f00000| Untracked 
|  66|0x0000000706000000, 0x0000000706000000, 0x0000000706100000|  0%| F|  |TAMS 0x0000000706000000, 0x0000000706000000| Untracked 
|  67|0x0000000706100000, 0x0000000706100000, 0x0000000706200000|  0%| F|  |TAMS 0x0000000706100000, 0x0000000706100000| Untracked 
|  68|0x0000000706200000, 0x0000000706200000, 0x0000000706300000|  0%| F|  |TAMS 0x0000000706200000, 0x0000000706200000| Untracked 
|  69|0x0000000706300000, 0x0000000706300000, 0x0000000706400000|  0%| F|  |TAMS 0x0000000706300000, 0x0000000706300000| Untracked 
|  70|0x0000000706400000, 0x0000000706400000, 0x0000000706500000|  0%| F|  |TAMS 0x0000000706400000, 0x0000000706400000| Untracked 
|  71|0x0000000706500000, 0x0000000706500000, 0x0000000706600000|  0%| F|  |TAMS 0x0000000706500000, 0x0000000706500000| Untracked 
|  72|0x0000000706600000, 0x0000000706600000, 0x0000000706700000|  0%| F|  |TAMS 0x0000000706600000, 0x0000000706600000| Untracked 
|  73|0x0000000706700000, 0x0000000706700000, 0x0000000706800000|  0%| F|  |TAMS 0x0000000706700000, 0x0000000706700000| Untracked 
|  74|0x0000000706800000, 0x0000000706800000, 0x0000000706900000|  0%| F|  |TAMS 0x0000000706800000, 0x0000000706800000| Untracked 
|  75|0x0000000706900000, 0x0000000706900000, 0x0000000706a00000|  0%| F|  |TAMS 0x0000000706900000, 0x0000000706900000| Untracked 
|  76|0x0000000706a00000, 0x0000000706a00000, 0x0000000706b00000|  0%| F|  |TAMS 0x0000000706a00000, 0x0000000706a00000| Untracked 
|  77|0x0000000706b00000, 0x0000000706b00000, 0x0000000706c00000|  0%| F|  |TAMS 0x0000000706b00000, 0x0000000706b00000| Untracked 
|  78|0x0000000706c00000, 0x0000000706c00000, 0x0000000706d00000|  0%| F|  |TAMS 0x0000000706c00000, 0x0000000706c00000| Untracked 
|  79|0x0000000706d00000, 0x0000000706d00000, 0x0000000706e00000|  0%| F|  |TAMS 0x0000000706d00000, 0x0000000706d00000| Untracked 
|  80|0x0000000706e00000, 0x0000000706e00000, 0x0000000706f00000|  0%| F|  |TAMS 0x0000000706e00000, 0x0000000706e00000| Untracked 
|  81|0x0000000706f00000, 0x0000000706f00000, 0x0000000707000000|  0%| F|  |TAMS 0x0000000706f00000, 0x0000000706f00000| Untracked 
|  82|0x0000000707000000, 0x0000000707000000, 0x0000000707100000|  0%| F|  |TAMS 0x0000000707000000, 0x0000000707000000| Untracked 
|  83|0x0000000707100000, 0x0000000707100000, 0x0000000707200000|  0%| F|  |TAMS 0x0000000707100000, 0x0000000707100000| Untracked 
|  84|0x0000000707200000, 0x0000000707200000, 0x0000000707300000|  0%| F|  |TAMS 0x0000000707200000, 0x0000000707200000| Untracked 
|  85|0x0000000707300000, 0x0000000707300000, 0x0000000707400000|  0%| F|  |TAMS 0x0000000707300000, 0x0000000707300000| Untracked 
|  86|0x0000000707400000, 0x0000000707400000, 0x0000000707500000|  0%| F|  |TAMS 0x0000000707400000, 0x0000000707400000| Untracked 
|  87|0x0000000707500000, 0x0000000707500000, 0x0000000707600000|  0%| F|  |TAMS 0x0000000707500000, 0x0000000707500000| Untracked 
|  88|0x0000000707600000, 0x0000000707600000, 0x0000000707700000|  0%| F|  |TAMS 0x0000000707600000, 0x0000000707600000| Untracked 
|  89|0x0000000707700000, 0x0000000707700000, 0x0000000707800000|  0%| F|  |TAMS 0x0000000707700000, 0x0000000707700000| Untracked 
|  90|0x0000000707800000, 0x0000000707800000, 0x0000000707900000|  0%| F|  |TAMS 0x0000000707800000, 0x0000000707800000| Untracked 
|  91|0x0000000707900000, 0x0000000707900000, 0x0000000707a00000|  0%| F|  |TAMS 0x0000000707900000, 0x0000000707900000| Untracked 
|  92|0x0000000707a00000, 0x0000000707a00000, 0x0000000707b00000|  0%| F|  |TAMS 0x0000000707a00000, 0x0000000707a00000| Untracked 
|  93|0x0000000707b00000, 0x0000000707b00000, 0x0000000707c00000|  0%| F|  |TAMS 0x0000000707b00000, 0x0000000707b00000| Untracked 
|  94|0x0000000707c00000, 0x0000000707c00000, 0x0000000707d00000|  0%| F|  |TAMS 0x0000000707c00000, 0x0000000707c00000| Untracked 
|  95|0x0000000707d00000, 0x0000000707d00000, 0x0000000707e00000|  0%| F|  |TAMS 0x0000000707d00000, 0x0000000707d00000| Untracked 
|  96|0x0000000707e00000, 0x0000000707e00000, 0x0000000707f00000|  0%| F|  |TAMS 0x0000000707e00000, 0x0000000707e00000| Untracked 
|  97|0x0000000707f00000, 0x0000000707f00000, 0x0000000708000000|  0%| F|  |TAMS 0x0000000707f00000, 0x0000000707f00000| Untracked 
|  98|0x0000000708000000, 0x0000000708000000, 0x0000000708100000|  0%| F|  |TAMS 0x0000000708000000, 0x0000000708000000| Untracked 
|  99|0x0000000708100000, 0x0000000708100000, 0x0000000708200000|  0%| F|  |TAMS 0x0000000708100000, 0x0000000708100000| Untracked 
| 100|0x0000000708200000, 0x0000000708200000, 0x0000000708300000|  0%| F|  |TAMS 0x0000000708200000, 0x0000000708200000| Untracked 
| 101|0x0000000708300000, 0x0000000708300000, 0x0000000708400000|  0%| F|  |TAMS 0x0000000708300000, 0x0000000708300000| Untracked 
| 102|0x0000000708400000, 0x0000000708400000, 0x0000000708500000|  0%| F|  |TAMS 0x0000000708400000, 0x0000000708400000| Untracked 
| 103|0x0000000708500000, 0x0000000708500000, 0x0000000708600000|  0%| F|  |TAMS 0x0000000708500000, 0x0000000708500000| Untracked 
| 104|0x0000000708600000, 0x0000000708600000, 0x0000000708700000|  0%| F|  |TAMS 0x0000000708600000, 0x0000000708600000| Untracked 
| 105|0x0000000708700000, 0x0000000708700000, 0x0000000708800000|  0%| F|  |TAMS 0x0000000708700000, 0x0000000708700000| Untracked 
| 106|0x0000000708800000, 0x0000000708800000, 0x0000000708900000|  0%| F|  |TAMS 0x0000000708800000, 0x0000000708800000| Untracked 
| 107|0x0000000708900000, 0x0000000708900000, 0x0000000708a00000|  0%| F|  |TAMS 0x0000000708900000, 0x0000000708900000| Untracked 
| 108|0x0000000708a00000, 0x0000000708a00000, 0x0000000708b00000|  0%| F|  |TAMS 0x0000000708a00000, 0x0000000708a00000| Untracked 
| 109|0x0000000708b00000, 0x0000000708b00000, 0x0000000708c00000|  0%| F|  |TAMS 0x0000000708b00000, 0x0000000708b00000| Untracked 
| 110|0x0000000708c00000, 0x0000000708c00000, 0x0000000708d00000|  0%| F|  |TAMS 0x0000000708c00000, 0x0000000708c00000| Untracked 
| 111|0x0000000708d00000, 0x0000000708d00000, 0x0000000708e00000|  0%| F|  |TAMS 0x0000000708d00000, 0x0000000708d00000| Untracked 
| 112|0x0000000708e00000, 0x0000000708e00000, 0x0000000708f00000|  0%| F|  |TAMS 0x0000000708e00000, 0x0000000708e00000| Untracked 
| 113|0x0000000708f00000, 0x0000000708f00000, 0x0000000709000000|  0%| F|  |TAMS 0x0000000708f00000, 0x0000000708f00000| Untracked 
| 114|0x0000000709000000, 0x0000000709000000, 0x0000000709100000|  0%| F|  |TAMS 0x0000000709000000, 0x0000000709000000| Untracked 
| 115|0x0000000709100000, 0x0000000709100000, 0x0000000709200000|  0%| F|  |TAMS 0x0000000709100000, 0x0000000709100000| Untracked 
| 116|0x0000000709200000, 0x0000000709200000, 0x0000000709300000|  0%| F|  |TAMS 0x0000000709200000, 0x0000000709200000| Untracked 
| 117|0x0000000709300000, 0x0000000709300000, 0x0000000709400000|  0%| F|  |TAMS 0x0000000709300000, 0x0000000709300000| Untracked 
| 118|0x0000000709400000, 0x0000000709400000, 0x0000000709500000|  0%| F|  |TAMS 0x0000000709400000, 0x0000000709400000| Untracked 
| 119|0x0000000709500000, 0x0000000709500000, 0x0000000709600000|  0%| F|  |TAMS 0x0000000709500000, 0x0000000709500000| Untracked 
| 120|0x0000000709600000, 0x0000000709600000, 0x0000000709700000|  0%| F|  |TAMS 0x0000000709600000, 0x0000000709600000| Untracked 
| 121|0x0000000709700000, 0x0000000709700000, 0x0000000709800000|  0%| F|  |TAMS 0x0000000709700000, 0x0000000709700000| Untracked 
| 122|0x0000000709800000, 0x0000000709800000, 0x0000000709900000|  0%| F|  |TAMS 0x0000000709800000, 0x0000000709800000| Untracked 
| 123|0x0000000709900000, 0x0000000709900000, 0x0000000709a00000|  0%| F|  |TAMS 0x0000000709900000, 0x0000000709900000| Untracked 
| 124|0x0000000709a00000, 0x0000000709a00000, 0x0000000709b00000|  0%| F|  |TAMS 0x0000000709a00000, 0x0000000709a00000| Untracked 
| 125|0x0000000709b00000, 0x0000000709b00000, 0x0000000709c00000|  0%| F|  |TAMS 0x0000000709b00000, 0x0000000709b00000| Untracked 
| 126|0x0000000709c00000, 0x0000000709c00000, 0x0000000709d00000|  0%| F|  |TAMS 0x0000000709c00000, 0x0000000709c00000| Untracked 
| 127|0x0000000709d00000, 0x0000000709d00000, 0x0000000709e00000|  0%| F|  |TAMS 0x0000000709d00000, 0x0000000709d00000| Untracked 
| 128|0x0000000709e00000, 0x0000000709e00000, 0x0000000709f00000|  0%| F|  |TAMS 0x0000000709e00000, 0x0000000709e00000| Untracked 
| 129|0x0000000709f00000, 0x0000000709f00000, 0x000000070a000000|  0%| F|  |TAMS 0x0000000709f00000, 0x0000000709f00000| Untracked 
| 130|0x000000070a000000, 0x000000070a000000, 0x000000070a100000|  0%| F|  |TAMS 0x000000070a000000, 0x000000070a000000| Untracked 
| 131|0x000000070a100000, 0x000000070a100000, 0x000000070a200000|  0%| F|  |TAMS 0x000000070a100000, 0x000000070a100000| Untracked 
| 132|0x000000070a200000, 0x000000070a200000, 0x000000070a300000|  0%| F|  |TAMS 0x000000070a200000, 0x000000070a200000| Untracked 
| 133|0x000000070a300000, 0x000000070a300000, 0x000000070a400000|  0%| F|  |TAMS 0x000000070a300000, 0x000000070a300000| Untracked 
| 134|0x000000070a400000, 0x000000070a400000, 0x000000070a500000|  0%| F|  |TAMS 0x000000070a400000, 0x000000070a400000| Untracked 
| 135|0x000000070a500000, 0x000000070a500000, 0x000000070a600000|  0%| F|  |TAMS 0x000000070a500000, 0x000000070a500000| Untracked 
| 136|0x000000070a600000, 0x000000070a600000, 0x000000070a700000|  0%| F|  |TAMS 0x000000070a600000, 0x000000070a600000| Untracked 
| 137|0x000000070a700000, 0x000000070a700000, 0x000000070a800000|  0%| F|  |TAMS 0x000000070a700000, 0x000000070a700000| Untracked 
| 138|0x000000070a800000, 0x000000070a800000, 0x000000070a900000|  0%| F|  |TAMS 0x000000070a800000, 0x000000070a800000| Untracked 
| 139|0x000000070a900000, 0x000000070a900000, 0x000000070aa00000|  0%| F|  |TAMS 0x000000070a900000, 0x000000070a900000| Untracked 
| 140|0x000000070aa00000, 0x000000070aa00000, 0x000000070ab00000|  0%| F|  |TAMS 0x000000070aa00000, 0x000000070aa00000| Untracked 
| 141|0x000000070ab00000, 0x000000070ab00000, 0x000000070ac00000|  0%| F|  |TAMS 0x000000070ab00000, 0x000000070ab00000| Untracked 
| 142|0x000000070ac00000, 0x000000070ac00000, 0x000000070ad00000|  0%| F|  |TAMS 0x000000070ac00000, 0x000000070ac00000| Untracked 
| 143|0x000000070ad00000, 0x000000070ad00000, 0x000000070ae00000|  0%| F|  |TAMS 0x000000070ad00000, 0x000000070ad00000| Untracked 
| 144|0x000000070ae00000, 0x000000070ae00000, 0x000000070af00000|  0%| F|  |TAMS 0x000000070ae00000, 0x000000070ae00000| Untracked 
| 145|0x000000070af00000, 0x000000070af00000, 0x000000070b000000|  0%| F|  |TAMS 0x000000070af00000, 0x000000070af00000| Untracked 
| 146|0x000000070b000000, 0x000000070b000000, 0x000000070b100000|  0%| F|  |TAMS 0x000000070b000000, 0x000000070b000000| Untracked 
| 147|0x000000070b100000, 0x000000070b100000, 0x000000070b200000|  0%| F|  |TAMS 0x000000070b100000, 0x000000070b100000| Untracked 
| 148|0x000000070b200000, 0x000000070b200000, 0x000000070b300000|  0%| F|  |TAMS 0x000000070b200000, 0x000000070b200000| Untracked 
| 149|0x000000070b300000, 0x000000070b300000, 0x000000070b400000|  0%| F|  |TAMS 0x000000070b300000, 0x000000070b300000| Untracked 
| 150|0x000000070b400000, 0x000000070b400000, 0x000000070b500000|  0%| F|  |TAMS 0x000000070b400000, 0x000000070b400000| Untracked 
| 151|0x000000070b500000, 0x000000070b500000, 0x000000070b600000|  0%| F|  |TAMS 0x000000070b500000, 0x000000070b500000| Untracked 
| 152|0x000000070b600000, 0x000000070b600000, 0x000000070b700000|  0%| F|  |TAMS 0x000000070b600000, 0x000000070b600000| Untracked 
| 153|0x000000070b700000, 0x000000070b700000, 0x000000070b800000|  0%| F|  |TAMS 0x000000070b700000, 0x000000070b700000| Untracked 
| 154|0x000000070b800000, 0x000000070b800000, 0x000000070b900000|  0%| F|  |TAMS 0x000000070b800000, 0x000000070b800000| Untracked 
| 155|0x000000070b900000, 0x000000070b900000, 0x000000070ba00000|  0%| F|  |TAMS 0x000000070b900000, 0x000000070b900000| Untracked 
| 156|0x000000070ba00000, 0x000000070ba00000, 0x000000070bb00000|  0%| F|  |TAMS 0x000000070ba00000, 0x000000070ba00000| Untracked 
| 157|0x000000070bb00000, 0x000000070bb00000, 0x000000070bc00000|  0%| F|  |TAMS 0x000000070bb00000, 0x000000070bb00000| Untracked 
| 158|0x000000070bc00000, 0x000000070bc00000, 0x000000070bd00000|  0%| F|  |TAMS 0x000000070bc00000, 0x000000070bc00000| Untracked 
| 159|0x000000070bd00000, 0x000000070bd00000, 0x000000070be00000|  0%| F|  |TAMS 0x000000070bd00000, 0x000000070bd00000| Untracked 
| 160|0x000000070be00000, 0x000000070be00000, 0x000000070bf00000|  0%| F|  |TAMS 0x000000070be00000, 0x000000070be00000| Untracked 
| 161|0x000000070bf00000, 0x000000070bf00000, 0x000000070c000000|  0%| F|  |TAMS 0x000000070bf00000, 0x000000070bf00000| Untracked 
| 162|0x000000070c000000, 0x000000070c000000, 0x000000070c100000|  0%| F|  |TAMS 0x000000070c000000, 0x000000070c000000| Untracked 
| 163|0x000000070c100000, 0x000000070c100000, 0x000000070c200000|  0%| F|  |TAMS 0x000000070c100000, 0x000000070c100000| Untracked 
| 164|0x000000070c200000, 0x000000070c200000, 0x000000070c300000|  0%| F|  |TAMS 0x000000070c200000, 0x000000070c200000| Untracked 
| 165|0x000000070c300000, 0x000000070c300000, 0x000000070c400000|  0%| F|  |TAMS 0x000000070c300000, 0x000000070c300000| Untracked 
| 166|0x000000070c400000, 0x000000070c400000, 0x000000070c500000|  0%| F|  |TAMS 0x000000070c400000, 0x000000070c400000| Untracked 
| 167|0x000000070c500000, 0x000000070c500000, 0x000000070c600000|  0%| F|  |TAMS 0x000000070c500000, 0x000000070c500000| Untracked 
| 168|0x000000070c600000, 0x000000070c600000, 0x000000070c700000|  0%| F|  |TAMS 0x000000070c600000, 0x000000070c600000| Untracked 
| 169|0x000000070c700000, 0x000000070c700000, 0x000000070c800000|  0%| F|  |TAMS 0x000000070c700000, 0x000000070c700000| Untracked 
| 170|0x000000070c800000, 0x000000070c800000, 0x000000070c900000|  0%| F|  |TAMS 0x000000070c800000, 0x000000070c800000| Untracked 
| 171|0x000000070c900000, 0x000000070c900000, 0x000000070ca00000|  0%| F|  |TAMS 0x000000070c900000, 0x000000070c900000| Untracked 
| 172|0x000000070ca00000, 0x000000070ca00000, 0x000000070cb00000|  0%| F|  |TAMS 0x000000070ca00000, 0x000000070ca00000| Untracked 
| 173|0x000000070cb00000, 0x000000070cb00000, 0x000000070cc00000|  0%| F|  |TAMS 0x000000070cb00000, 0x000000070cb00000| Untracked 
| 174|0x000000070cc00000, 0x000000070cc00000, 0x000000070cd00000|  0%| F|  |TAMS 0x000000070cc00000, 0x000000070cc00000| Untracked 
| 175|0x000000070cd00000, 0x000000070cd00000, 0x000000070ce00000|  0%| F|  |TAMS 0x000000070cd00000, 0x000000070cd00000| Untracked 
| 176|0x000000070ce00000, 0x000000070ce00000, 0x000000070cf00000|  0%| F|  |TAMS 0x000000070ce00000, 0x000000070ce00000| Untracked 
| 177|0x000000070cf00000, 0x000000070cf00000, 0x000000070d000000|  0%| F|  |TAMS 0x000000070cf00000, 0x000000070cf00000| Untracked 
| 178|0x000000070d000000, 0x000000070d000000, 0x000000070d100000|  0%| F|  |TAMS 0x000000070d000000, 0x000000070d000000| Untracked 
| 179|0x000000070d100000, 0x000000070d100000, 0x000000070d200000|  0%| F|  |TAMS 0x000000070d100000, 0x000000070d100000| Untracked 
| 180|0x000000070d200000, 0x000000070d200000, 0x000000070d300000|  0%| F|  |TAMS 0x000000070d200000, 0x000000070d200000| Untracked 
| 181|0x000000070d300000, 0x000000070d300000, 0x000000070d400000|  0%| F|  |TAMS 0x000000070d300000, 0x000000070d300000| Untracked 
| 182|0x000000070d400000, 0x000000070d400000, 0x000000070d500000|  0%| F|  |TAMS 0x000000070d400000, 0x000000070d400000| Untracked 
| 183|0x000000070d500000, 0x000000070d500000, 0x000000070d600000|  0%| F|  |TAMS 0x000000070d500000, 0x000000070d500000| Untracked 
| 184|0x000000070d600000, 0x000000070d600000, 0x000000070d700000|  0%| F|  |TAMS 0x000000070d600000, 0x000000070d600000| Untracked 
| 185|0x000000070d700000, 0x000000070d700000, 0x000000070d800000|  0%| F|  |TAMS 0x000000070d700000, 0x000000070d700000| Untracked 
| 186|0x000000070d800000, 0x000000070d800000, 0x000000070d900000|  0%| F|  |TAMS 0x000000070d800000, 0x000000070d800000| Untracked 
| 187|0x000000070d900000, 0x000000070d900000, 0x000000070da00000|  0%| F|  |TAMS 0x000000070d900000, 0x000000070d900000| Untracked 
| 188|0x000000070da00000, 0x000000070da00000, 0x000000070db00000|  0%| F|  |TAMS 0x000000070da00000, 0x000000070da00000| Untracked 
| 189|0x000000070db00000, 0x000000070db00000, 0x000000070dc00000|  0%| F|  |TAMS 0x000000070db00000, 0x000000070db00000| Untracked 
| 190|0x000000070dc00000, 0x000000070dc00000, 0x000000070dd00000|  0%| F|  |TAMS 0x000000070dc00000, 0x000000070dc00000| Untracked 
| 191|0x000000070dd00000, 0x000000070dd00000, 0x000000070de00000|  0%| F|  |TAMS 0x000000070dd00000, 0x000000070dd00000| Untracked 
| 192|0x000000070de00000, 0x000000070de00000, 0x000000070df00000|  0%| F|  |TAMS 0x000000070de00000, 0x000000070de00000| Untracked 
| 193|0x000000070df00000, 0x000000070df00000, 0x000000070e000000|  0%| F|  |TAMS 0x000000070df00000, 0x000000070df00000| Untracked 
| 194|0x000000070e000000, 0x000000070e000000, 0x000000070e100000|  0%| F|  |TAMS 0x000000070e000000, 0x000000070e000000| Untracked 
| 195|0x000000070e100000, 0x000000070e100000, 0x000000070e200000|  0%| F|  |TAMS 0x000000070e100000, 0x000000070e100000| Untracked 
| 196|0x000000070e200000, 0x000000070e200000, 0x000000070e300000|  0%| F|  |TAMS 0x000000070e200000, 0x000000070e200000| Untracked 
| 197|0x000000070e300000, 0x000000070e300000, 0x000000070e400000|  0%| F|  |TAMS 0x000000070e300000, 0x000000070e300000| Untracked 
| 198|0x000000070e400000, 0x000000070e400000, 0x000000070e500000|  0%| F|  |TAMS 0x000000070e400000, 0x000000070e400000| Untracked 
| 199|0x000000070e500000, 0x000000070e500000, 0x000000070e600000|  0%| F|  |TAMS 0x000000070e500000, 0x000000070e500000| Untracked 
| 200|0x000000070e600000, 0x000000070e600000, 0x000000070e700000|  0%| F|  |TAMS 0x000000070e600000, 0x000000070e600000| Untracked 
| 201|0x000000070e700000, 0x000000070e700000, 0x000000070e800000|  0%| F|  |TAMS 0x000000070e700000, 0x000000070e700000| Untracked 
| 202|0x000000070e800000, 0x000000070e800000, 0x000000070e900000|  0%| F|  |TAMS 0x000000070e800000, 0x000000070e800000| Untracked 
| 203|0x000000070e900000, 0x000000070e900000, 0x000000070ea00000|  0%| F|  |TAMS 0x000000070e900000, 0x000000070e900000| Untracked 
| 204|0x000000070ea00000, 0x000000070ea00000, 0x000000070eb00000|  0%| F|  |TAMS 0x000000070ea00000, 0x000000070ea00000| Untracked 
| 205|0x000000070eb00000, 0x000000070eb00000, 0x000000070ec00000|  0%| F|  |TAMS 0x000000070eb00000, 0x000000070eb00000| Untracked 
| 206|0x000000070ec00000, 0x000000070ec00000, 0x000000070ed00000|  0%| F|  |TAMS 0x000000070ec00000, 0x000000070ec00000| Untracked 
| 207|0x000000070ed00000, 0x000000070ed00000, 0x000000070ee00000|  0%| F|  |TAMS 0x000000070ed00000, 0x000000070ed00000| Untracked 
| 208|0x000000070ee00000, 0x000000070ee00000, 0x000000070ef00000|  0%| F|  |TAMS 0x000000070ee00000, 0x000000070ee00000| Untracked 
| 209|0x000000070ef00000, 0x000000070ef00000, 0x000000070f000000|  0%| F|  |TAMS 0x000000070ef00000, 0x000000070ef00000| Untracked 
| 210|0x000000070f000000, 0x000000070f000000, 0x000000070f100000|  0%| F|  |TAMS 0x000000070f000000, 0x000000070f000000| Untracked 
| 211|0x000000070f100000, 0x000000070f100000, 0x000000070f200000|  0%| F|  |TAMS 0x000000070f100000, 0x000000070f100000| Untracked 
| 212|0x000000070f200000, 0x000000070f200000, 0x000000070f300000|  0%| F|  |TAMS 0x000000070f200000, 0x000000070f200000| Untracked 
| 213|0x000000070f300000, 0x000000070f300000, 0x000000070f400000|  0%| F|  |TAMS 0x000000070f300000, 0x000000070f300000| Untracked 
| 214|0x000000070f400000, 0x000000070f453d68, 0x000000070f500000| 32%| E|  |TAMS 0x000000070f400000, 0x000000070f400000| Complete 
| 215|0x000000070f500000, 0x000000070f600000, 0x000000070f600000|100%| E|CS|TAMS 0x000000070f500000, 0x000000070f500000| Complete 
| 216|0x000000070f600000, 0x000000070f6c26a0, 0x000000070f700000| 75%| S|CS|TAMS 0x000000070f600000, 0x000000070f600000| Complete 
| 217|0x000000070f700000, 0x000000070f800000, 0x000000070f800000|100%| S|CS|TAMS 0x000000070f700000, 0x000000070f700000| Complete 
| 218|0x000000070f800000, 0x000000070f900000, 0x000000070f900000|100%| S|CS|TAMS 0x000000070f800000, 0x000000070f800000| Complete 
| 219|0x000000070f900000, 0x000000070fa00000, 0x000000070fa00000|100%| S|CS|TAMS 0x000000070f900000, 0x000000070f900000| Complete 
| 220|0x000000070fa00000, 0x000000070fb00000, 0x000000070fb00000|100%| S|CS|TAMS 0x000000070fa00000, 0x000000070fa00000| Complete 
| 221|0x000000070fb00000, 0x000000070fc00000, 0x000000070fc00000|100%| E|CS|TAMS 0x000000070fb00000, 0x000000070fb00000| Complete 
| 222|0x000000070fc00000, 0x000000070fd00000, 0x000000070fd00000|100%| E|CS|TAMS 0x000000070fc00000, 0x000000070fc00000| Complete 
| 223|0x000000070fd00000, 0x000000070fe00000, 0x000000070fe00000|100%| E|CS|TAMS 0x000000070fd00000, 0x000000070fd00000| Complete 
| 224|0x000000070fe00000, 0x000000070ff00000, 0x000000070ff00000|100%| E|CS|TAMS 0x000000070fe00000, 0x000000070fe00000| Complete 
| 225|0x000000070ff00000, 0x0000000710000000, 0x0000000710000000|100%| E|CS|TAMS 0x000000070ff00000, 0x000000070ff00000| Complete 
| 226|0x0000000710000000, 0x0000000710100000, 0x0000000710100000|100%| E|CS|TAMS 0x0000000710000000, 0x0000000710000000| Complete 
| 227|0x0000000710100000, 0x0000000710200000, 0x0000000710200000|100%| E|CS|TAMS 0x0000000710100000, 0x0000000710100000| Complete 
| 228|0x0000000710200000, 0x0000000710300000, 0x0000000710300000|100%| E|CS|TAMS 0x0000000710200000, 0x0000000710200000| Complete 
| 229|0x0000000710300000, 0x0000000710400000, 0x0000000710400000|100%| E|CS|TAMS 0x0000000710300000, 0x0000000710300000| Complete 
| 230|0x0000000710400000, 0x0000000710500000, 0x0000000710500000|100%| E|CS|TAMS 0x0000000710400000, 0x0000000710400000| Complete 
| 231|0x0000000710500000, 0x0000000710600000, 0x0000000710600000|100%| E|CS|TAMS 0x0000000710500000, 0x0000000710500000| Complete 
| 232|0x0000000710600000, 0x0000000710700000, 0x0000000710700000|100%| E|CS|TAMS 0x0000000710600000, 0x0000000710600000| Complete 
| 233|0x0000000710700000, 0x0000000710800000, 0x0000000710800000|100%| E|CS|TAMS 0x0000000710700000, 0x0000000710700000| Complete 
| 234|0x0000000710800000, 0x0000000710900000, 0x0000000710900000|100%| E|CS|TAMS 0x0000000710800000, 0x0000000710800000| Complete 
| 235|0x0000000710900000, 0x0000000710a00000, 0x0000000710a00000|100%| E|CS|TAMS 0x0000000710900000, 0x0000000710900000| Complete 
| 236|0x0000000710a00000, 0x0000000710b00000, 0x0000000710b00000|100%| E|CS|TAMS 0x0000000710a00000, 0x0000000710a00000| Complete 
| 237|0x0000000710b00000, 0x0000000710c00000, 0x0000000710c00000|100%| E|CS|TAMS 0x0000000710b00000, 0x0000000710b00000| Complete 
| 238|0x0000000710c00000, 0x0000000710d00000, 0x0000000710d00000|100%| E|CS|TAMS 0x0000000710c00000, 0x0000000710c00000| Complete 
| 239|0x0000000710d00000, 0x0000000710e00000, 0x0000000710e00000|100%| E|CS|TAMS 0x0000000710d00000, 0x0000000710d00000| Complete 
| 240|0x0000000710e00000, 0x0000000710f00000, 0x0000000710f00000|100%| E|CS|TAMS 0x0000000710e00000, 0x0000000710e00000| Complete 
| 241|0x0000000710f00000, 0x0000000711000000, 0x0000000711000000|100%| E|CS|TAMS 0x0000000710f00000, 0x0000000710f00000| Complete 
| 242|0x0000000711000000, 0x0000000711100000, 0x0000000711100000|100%| E|CS|TAMS 0x0000000711000000, 0x0000000711000000| Complete 
| 243|0x0000000711100000, 0x0000000711200000, 0x0000000711200000|100%| E|CS|TAMS 0x0000000711100000, 0x0000000711100000| Complete 
| 244|0x0000000711200000, 0x0000000711300000, 0x0000000711300000|100%| E|  |TAMS 0x0000000711200000, 0x0000000711200000| Complete 
| 245|0x0000000711300000, 0x0000000711400000, 0x0000000711400000|100%| E|CS|TAMS 0x0000000711300000, 0x0000000711300000| Complete 
| 246|0x0000000711400000, 0x0000000711500000, 0x0000000711500000|100%| E|CS|TAMS 0x0000000711400000, 0x0000000711400000| Complete 
| 247|0x0000000711500000, 0x0000000711600000, 0x0000000711600000|100%| E|CS|TAMS 0x0000000711500000, 0x0000000711500000| Complete 
| 248|0x0000000711600000, 0x0000000711700000, 0x0000000711700000|100%| E|CS|TAMS 0x0000000711600000, 0x0000000711600000| Complete 
| 249|0x0000000711700000, 0x0000000711800000, 0x0000000711800000|100%| E|CS|TAMS 0x0000000711700000, 0x0000000711700000| Complete 
| 250|0x0000000711800000, 0x0000000711900000, 0x0000000711900000|100%| E|CS|TAMS 0x0000000711800000, 0x0000000711800000| Complete 
| 251|0x0000000711900000, 0x0000000711a00000, 0x0000000711a00000|100%| E|CS|TAMS 0x0000000711900000, 0x0000000711900000| Complete 
| 252|0x0000000711a00000, 0x0000000711b00000, 0x0000000711b00000|100%| E|CS|TAMS 0x0000000711a00000, 0x0000000711a00000| Complete 
| 253|0x0000000711b00000, 0x0000000711c00000, 0x0000000711c00000|100%| E|CS|TAMS 0x0000000711b00000, 0x0000000711b00000| Complete 
| 254|0x0000000711c00000, 0x0000000711d00000, 0x0000000711d00000|100%| E|CS|TAMS 0x0000000711c00000, 0x0000000711c00000| Complete 
| 255|0x0000000711d00000, 0x0000000711e00000, 0x0000000711e00000|100%| E|CS|TAMS 0x0000000711d00000, 0x0000000711d00000| Complete 

Card table byte_map: [0x000001bf3a710000,0x000001bf3af10000] _byte_map_base: 0x000001bf36f01000

Marking Bits (Prev, Next): (CMBitMap*) 0x000001bf23338460, (CMBitMap*) 0x000001bf23338428
 Prev Bits: [0x000001bf3f6a0000, 0x000001bf43628000)
 Next Bits: [0x000001bf3b710000, 0x000001bf3f698000)

Polling page: 0x000001bf212e0000

Metaspace:

Usage:
  Non-class:     22.50 MB capacity,    22.10 MB ( 98%) used,   342.89 KB (  1%) free+waste,    67.12 KB ( <1%) overhead. 
      Class:      3.21 MB capacity,     2.97 MB ( 92%) used,   214.70 KB (  7%) free+waste,    33.75 KB (  1%) overhead. 
       Both:     25.71 MB capacity,    25.07 MB ( 97%) used,   557.59 KB (  2%) free+waste,   100.88 KB ( <1%) overhead. 

Virtual space:
  Non-class space:       24.00 MB reserved,      22.50 MB ( 94%) committed 
      Class space:        1.00 GB reserved,       3.25 MB ( <1%) committed 
             Both:        1.02 GB reserved,      25.75 MB (  2%) committed 

Chunk freelists:
   Non-Class:  384 bytes
       Class:  768 bytes
        Both:  1.12 KB

CodeHeap 'non-profiled nmethods': size=238336Kb used=3199Kb max_used=3199Kb free=235137Kb
 bounds [0x000001bf2b100000, 0x000001bf2b420000, 0x000001bf399c0000]
CodeHeap 'non-nmethods': size=7424Kb used=1216Kb max_used=1216Kb free=6207Kb
 bounds [0x000001bf2a9c0000, 0x000001bf2ac30000, 0x000001bf2b100000]
 total_blobs=2572 nmethods=2118 adapters=388
 compilation: enabled
              stopped_count=0, restarted_count=0
 full_count=0

Compilation events (10 events):
Event: 3.474 Thread 0x000001bf46ce6800 2110       1       java.util.Collections$EmptySet::size (2 bytes)
Event: 3.474 Thread 0x000001bf46ce6800 nmethod 2110 0x000001bf2b41ca10 code [0x000001bf2b41cba0, 0x000001bf2b41cc58]
Event: 3.474 Thread 0x000001bf46ce6800 2104       1       org.springframework.core.type.classreading.SimpleAnnotationMetadataReadingVisitor::visitMethod (43 bytes)
Event: 3.474 Thread 0x000001bf46ce6800 nmethod 2104 0x000001bf2b41cd10 code [0x000001bf2b41cec0, 0x000001bf2b41d1c8]
Event: 3.474 Thread 0x000001bf46ce6800 2105       1       org.springframework.core.type.classreading.SimpleAnnotationMetadataReadingVisitor::isBridge (13 bytes)
Event: 3.474 Thread 0x000001bf46ce6800 nmethod 2105 0x000001bf2b41d390 code [0x000001bf2b41d520, 0x000001bf2b41d5f8]
Event: 3.474 Thread 0x000001bf46ce6800 2107       1       org.springframework.core.type.classreading.SimpleAnnotationMetadataReadingVisitor$$Lambda$295/0x0000000800327840::get$Lambda (9 bytes)
Event: 3.474 Thread 0x000001bf46ce6800 nmethod 2107 0x000001bf2b41d690 code [0x000001bf2b41d820, 0x000001bf2b41d978]
Event: 3.474 Thread 0x000001bf46ce6800 2108       1       org.springframework.core.type.classreading.SimpleAnnotationMetadataReadingVisitor$$Lambda$295/0x0000000800327840::<init> (10 bytes)
Event: 3.475 Thread 0x000001bf46ce6800 nmethod 2108 0x000001bf2b41da10 code [0x000001bf2b41dba0, 0x000001bf2b41dcb8]

GC Heap History (4 events):
Event: 2.686 GC heap before
{Heap before GC invocations=0 (full 0):
 garbage-first heap   total 262144K, used 23552K [0x0000000701e00000, 0x0000000800000000)
  region size 1024K, 24 young (24576K), 0 survivors (0K)
 Metaspace       used 14640K, capacity 14961K, committed 15232K, reserved 1062912K
  class space    used 1500K, capacity 1591K, committed 1664K, reserved 1048576K
}
Event: 2.696 GC heap after
{Heap after GC invocations=1 (full 0):
 garbage-first heap   total 262144K, used 5670K [0x0000000701e00000, 0x0000000800000000)
  region size 1024K, 3 young (3072K), 3 survivors (3072K)
 Metaspace       used 14640K, capacity 14961K, committed 15232K, reserved 1062912K
  class space    used 1500K, capacity 1591K, committed 1664K, reserved 1048576K
}
Event: 3.081 GC heap before
{Heap before GC invocations=1 (full 0):
 garbage-first heap   total 262144K, used 37414K [0x0000000701e00000, 0x0000000800000000)
  region size 1024K, 35 young (35840K), 3 survivors (3072K)
 Metaspace       used 20426K, capacity 20989K, committed 21248K, reserved 1069056K
  class space    used 2379K, capacity 2551K, committed 2560K, reserved 1048576K
}
Event: 3.089 GC heap after
{Heap after GC invocations=2 (full 0):
 garbage-first heap   total 262144K, used 7472K [0x0000000701e00000, 0x0000000800000000)
  region size 1024K, 5 young (5120K), 5 survivors (5120K)
 Metaspace       used 20426K, capacity 20989K, committed 21248K, reserved 1069056K
  class space    used 2379K, capacity 2551K, committed 2560K, reserved 1048576K
}

Deoptimization events (0 events):
No events

Classes redefined (0 events):
No events

Internal exceptions (10 events):
Event: 3.330 Thread 0x000001bf232d5000 Exception <a 'java/lang/ClassNotFoundException'{0x00000007106b2888}: org/springframework/beans/factory/AwareCustomizer> (0x00000007106b2888) thrown at [./open/src/hotspot/share/classfile/systemDictionary.cpp, line 226]
Event: 3.331 Thread 0x000001bf232d5000 Exception <a 'java/lang/ClassNotFoundException'{0x00000007106bbc98}: org/springframework/beans/factory/BeanClassLoaderAwareCustomizer> (0x00000007106bbc98) thrown at [./open/src/hotspot/share/classfile/systemDictionary.cpp, line 226]
Event: 3.331 Thread 0x000001bf232d5000 Exception <a 'java/lang/ClassNotFoundException'{0x00000007106c50d8}: org/springframework/beans/factory/AwareCustomizer> (0x00000007106c50d8) thrown at [./open/src/hotspot/share/classfile/systemDictionary.cpp, line 226]
Event: 3.332 Thread 0x000001bf232d5000 Exception <a 'java/lang/ClassNotFoundException'{0x00000007106cdab8}: org/springframework/context/EnvironmentAwareCustomizer> (0x00000007106cdab8) thrown at [./open/src/hotspot/share/classfile/systemDictionary.cpp, line 226]
Event: 3.333 Thread 0x000001bf232d5000 Exception <a 'java/lang/ClassNotFoundException'{0x00000007106d6e48}: org/springframework/beans/factory/AwareCustomizer> (0x00000007106d6e48) thrown at [./open/src/hotspot/share/classfile/systemDictionary.cpp, line 226]
Event: 3.357 Thread 0x000001bf47138800 Exception <a 'java/lang/NoSuchMethodError'{0x0000000710231070}: java.lang.invoke.DirectMethodHandle$Holder.invokeStatic(Ljava/lang/Object;Ljava/lang/Object;)J> (0x0000000710231070) thrown at [./open/src/hotspot/share/interpreter/linkResolver.cpp, line 772
Event: 3.357 Thread 0x000001bf47138800 Exception <a 'java/lang/NoSuchMethodError'{0x0000000710234008}: java.lang.invoke.DirectMethodHandle$Holder.invokeStaticInit(Ljava/lang/Object;Ljava/lang/Object;)J> (0x0000000710234008) thrown at [./open/src/hotspot/share/interpreter/linkResolver.cpp, line
Event: 3.360 Thread 0x000001bf47138800 Exception <a 'java/lang/NoSuchMethodError'{0x0000000710264e18}: java.lang.invoke.DirectMethodHandle$Holder.invokeInterface(Ljava/lang/Object;Ljava/lang/Object;)J> (0x0000000710264e18) thrown at [./open/src/hotspot/share/interpreter/linkResolver.cpp, line 
Event: 3.360 Thread 0x000001bf47138800 Exception <a 'java/lang/IncompatibleClassChangeError'{0x0000000710267bb0}: Found class java.lang.Object, but interface was expected> (0x0000000710267bb0) thrown at [./open/src/hotspot/share/interpreter/linkResolver.cpp, line 838]
Event: 3.374 Thread 0x000001bf47138800 Exception <a 'java/lang/NoSuchMethodError'{0x00000007101b8e90}: java.lang.invoke.DirectMethodHandle$Holder.invokeVirtual(Ljava/lang/Object;Ljava/lang/Object;Ljava/lang/Object;Ljava/lang/Object;)Ljava/lang/Object;> (0x00000007101b8e90) thrown at [./open/sr

Events (10 events):
Event: 3.475 loading class org/springframework/context/annotation/ConfigurationClassParser$DeferredImportSelectorGrouping
Event: 3.475 loading class org/springframework/context/annotation/ConfigurationClassParser$DeferredImportSelectorGrouping done
Event: 3.475 loading class org/springframework/context/annotation/ConfigurationClassParser$DeferredImportSelectorGroupingHandler
Event: 3.475 loading class org/springframework/context/annotation/ConfigurationClassParser$DeferredImportSelectorGroupingHandler done
Event: 3.476 loading class org/springframework/context/annotation/DeferredImportSelector
Event: 3.476 loading class org/springframework/context/annotation/DeferredImportSelector done
Event: 3.476 loading class org/springframework/context/annotation/DeferredImportSelector
Event: 3.476 loading class org/springframework/context/annotation/DeferredImportSelector done
Event: 3.476 loading class org/springframework/boot/autoconfigure/AutoConfigurationMetadataLoader
Event: 3.476 loading class org/springframework/boot/autoconfigure/AutoConfigurationMetadataLoader done


Dynamic libraries:
0x00007ff615800000 - 0x00007ff615810000 	C:\Program Files\Java\jdk-11.0.24\bin\java.exe
0x00007ff84f690000 - 0x00007ff84f888000 	C:\Windows\SYSTEM32\ntdll.dll
0x00007ff84eb90000 - 0x00007ff84ec51000 	C:\Windows\System32\KERNEL32.DLL
0x00007ff84cf20000 - 0x00007ff84d21d000 	C:\Windows\System32\KERNELBASE.dll
0x00007ff84d3d0000 - 0x00007ff84d4d0000 	C:\Windows\System32\ucrtbase.dll
0x00007ff846c50000 - 0x00007ff846c6b000 	C:\Program Files\Java\jdk-11.0.24\bin\VCRUNTIME140.dll
0x00007ff846690000 - 0x00007ff8466a9000 	C:\Program Files\Java\jdk-11.0.24\bin\jli.dll
0x00007ff84edc0000 - 0x00007ff84ee70000 	C:\Windows\System32\ADVAPI32.dll
0x00007ff84f2e0000 - 0x00007ff84f37e000 	C:\Windows\System32\msvcrt.dll
0x00007ff84f380000 - 0x00007ff84f420000 	C:\Windows\System32\sechost.dll
0x00007ff84e8c0000 - 0x00007ff84e9e3000 	C:\Windows\System32\RPCRT4.dll
0x00007ff84ce40000 - 0x00007ff84ce67000 	C:\Windows\System32\bcrypt.dll
0x00007ff84e9f0000 - 0x00007ff84eb8d000 	C:\Windows\System32\USER32.dll
0x00007ff84d5f0000 - 0x00007ff84d612000 	C:\Windows\System32\win32u.dll
0x00007ff830920000 - 0x00007ff830bba000 	C:\Windows\WinSxS\amd64_microsoft.windows.common-controls_6595b64144ccf1df_6.0.19041.4355_none_60b8b9eb71f62e16\COMCTL32.dll
0x00007ff84f1d0000 - 0x00007ff84f1fb000 	C:\Windows\System32\GDI32.dll
0x00007ff84d4d0000 - 0x00007ff84d5e7000 	C:\Windows\System32\gdi32full.dll
0x00007ff84d620000 - 0x00007ff84d6bd000 	C:\Windows\System32\msvcp_win.dll
0x00007ff846320000 - 0x00007ff84632a000 	C:\Windows\SYSTEM32\VERSION.dll
0x00007ff84e870000 - 0x00007ff84e89f000 	C:\Windows\System32\IMM32.DLL
0x00007ff846c40000 - 0x00007ff846c4c000 	C:\Program Files\Java\jdk-11.0.24\bin\vcruntime140_1.dll
0x00007ff826f10000 - 0x00007ff826f9e000 	C:\Program Files\Java\jdk-11.0.24\bin\msvcp140.dll
0x00007fffc6fa0000 - 0x00007fffc7b02000 	C:\Program Files\Java\jdk-11.0.24\bin\server\jvm.dll
0x00007ff84e070000 - 0x00007ff84e078000 	C:\Windows\System32\PSAPI.DLL
0x00007ff824180000 - 0x00007ff824189000 	C:\Windows\SYSTEM32\WSOCK32.dll
0x00007ff834e30000 - 0x00007ff834e57000 	C:\Windows\SYSTEM32\WINMM.dll
0x00007ff84ec70000 - 0x00007ff84ecdb000 	C:\Windows\System32\WS2_32.dll
0x00007ff84ada0000 - 0x00007ff84adb2000 	C:\Windows\SYSTEM32\kernel.appcore.dll
0x00007ff842f30000 - 0x00007ff842f40000 	C:\Program Files\Java\jdk-11.0.24\bin\verify.dll
0x00007ff84a9d0000 - 0x00007ff84abb4000 	C:\Windows\SYSTEM32\DBGHELP.DLL
0x00007ff824ae0000 - 0x00007ff824b14000 	C:\Windows\SYSTEM32\dbgcore.DLL
0x00007ff84cdb0000 - 0x00007ff84ce32000 	C:\Windows\System32\bcryptPrimitives.dll
0x00007ff82dfb0000 - 0x00007ff82dfd8000 	C:\Program Files\Java\jdk-11.0.24\bin\java.dll
0x00007ff842f20000 - 0x00007ff842f2a000 	C:\Program Files\Java\jdk-11.0.24\bin\jimage.dll
0x00007ff826e50000 - 0x00007ff826e88000 	C:\Program Files\Java\jdk-11.0.24\bin\jdwp.dll
0x00007ff82e270000 - 0x00007ff82e27e000 	C:\Program Files\Java\jdk-11.0.24\bin\instrument.dll
0x00007ff83a630000 - 0x00007ff83a647000 	C:\Program Files\Java\jdk-11.0.24\bin\zip.dll
0x00007ff84d830000 - 0x00007ff84df9f000 	C:\Windows\System32\SHELL32.dll
0x00007ff84adc0000 - 0x00007ff84b563000 	C:\Windows\SYSTEM32\windows.storage.dll
0x00007ff84ee70000 - 0x00007ff84f1c3000 	C:\Windows\System32\combase.dll
0x00007ff84c700000 - 0x00007ff84c72e000 	C:\Windows\SYSTEM32\Wldp.dll
0x00007ff84dfa0000 - 0x00007ff84e06d000 	C:\Windows\System32\OLEAUT32.dll
0x00007ff84d720000 - 0x00007ff84d7cd000 	C:\Windows\System32\SHCORE.dll
0x00007ff84f420000 - 0x00007ff84f475000 	C:\Windows\System32\shlwapi.dll
0x00007ff84cc70000 - 0x00007ff84cc94000 	C:\Windows\SYSTEM32\profapi.dll
0x00007ff827770000 - 0x00007ff82777b000 	C:\Program Files\Java\jdk-11.0.24\bin\dt_socket.dll
0x00007ff84c400000 - 0x00007ff84c46a000 	C:\Windows\system32\mswsock.dll
0x00007ff832380000 - 0x00007ff832399000 	C:\Program Files\Java\jdk-11.0.24\bin\net.dll
0x00007ff8445d0000 - 0x00007ff8446dd000 	C:\Windows\SYSTEM32\WINHTTP.dll
0x00007ff82e060000 - 0x00007ff82e072000 	C:\Program Files\Java\jdk-11.0.24\bin\nio.dll
0x00007ff84c120000 - 0x00007ff84c1ea000 	C:\Windows\SYSTEM32\DNSAPI.dll
0x00007ff84c0e0000 - 0x00007ff84c11b000 	C:\Windows\SYSTEM32\IPHLPAPI.DLL
0x00007ff84e860000 - 0x00007ff84e868000 	C:\Windows\System32\NSI.dll
0x00007ff82ef20000 - 0x00007ff82ef2a000 	C:\Windows\System32\rasadhlp.dll
0x00007ff82f3e0000 - 0x00007ff82f460000 	C:\Windows\System32\fwpuclnt.dll
0x00007ff829180000 - 0x00007ff829189000 	C:\Program Files\Java\jdk-11.0.24\bin\management.dll
0x00007ff827780000 - 0x00007ff82778b000 	C:\Program Files\Java\jdk-11.0.24\bin\management_ext.dll
0x00007ff84c5f0000 - 0x00007ff84c608000 	C:\Windows\SYSTEM32\CRYPTSP.dll
0x00007ff84bd20000 - 0x00007ff84bd54000 	C:\Windows\system32\rsaenh.dll
0x00007ff84cbf0000 - 0x00007ff84cc1e000 	C:\Windows\SYSTEM32\USERENV.dll
0x00007ff84c610000 - 0x00007ff84c61c000 	C:\Windows\SYSTEM32\CRYPTBASE.dll
0x00007ff845340000 - 0x00007ff845357000 	C:\Windows\SYSTEM32\dhcpcsvc6.DLL
0x00007ff846570000 - 0x00007ff84658d000 	C:\Windows\SYSTEM32\dhcpcsvc.DLL
0x00007ff82f650000 - 0x00007ff82f667000 	C:\Windows\system32\napinsp.dll
0x00007ff82f5d0000 - 0x00007ff82f5eb000 	C:\Windows\system32\pnrpnsp.dll
0x00007ff8401b0000 - 0x00007ff8401c5000 	C:\Windows\system32\wshbth.dll
0x00007ff8479e0000 - 0x00007ff8479fd000 	C:\Windows\system32\NLAapi.dll
0x00007ff824160000 - 0x00007ff824172000 	C:\Windows\System32\winrnr.dll

dbghelp: loaded successfully - version: 4.0.5 - missing functions: none
symbol engine: initialized successfully - sym options: 0x614 - pdb path: .;C:\Program Files\Java\jdk-11.0.24\bin;C:\Windows\SYSTEM32;C:\Windows\WinSxS\amd64_microsoft.windows.common-controls_6595b64144ccf1df_6.0.19041.4355_none_60b8b9eb71f62e16;C:\Program Files\Java\jdk-11.0.24\bin\server

VM Arguments:
jvm_args: -agentlib:jdwp=transport=dt_socket,address=127.0.0.1:6197,suspend=y,server=n -XX:TieredStopAtLevel=1 -Xverify:none -Dspring.output.ansi.enabled=always -Dcom.sun.management.jmxremote -Dspring.jmx.enabled=true -Dspring.liveBeansView.mbeanDomain -Dspring.application.admin.enabled=true -Dmanagement.endpoints.jmx.exposure.include=* -javaagent:C:\Users\Zack\AppData\Local\JetBrains\IntelliJIdea2024.2\captureAgent\debugger-agent.jar -Dkotlinx.coroutines.debug.enable.creation.stack.trace=false -Ddebugger.agent.enable.coroutines=true -Dfile.encoding=UTF-8 
java_command: zack.SpringSecurityApplication
java_class_path (initial): C:\Users\Zack\Documents\Spring WorkSpace\SpringSecurity\target\classes;C:\Users\Zack\.m2\repository\org\springframework\boot\spring-boot-starter-web\2.2.0.RELEASE\spring-boot-starter-web-2.2.0.RELEASE.jar;C:\Users\Zack\.m2\repository\org\springframework\boot\spring-boot-starter\2.2.0.RELEASE\spring-boot-starter-2.2.0.RELEASE.jar;C:\Users\Zack\.m2\repository\org\springframework\boot\spring-boot\2.2.0.RELEASE\spring-boot-2.2.0.RELEASE.jar;C:\Users\Zack\.m2\repository\org\springframework\boot\spring-boot-autoconfigure\2.2.0.RELEASE\spring-boot-autoconfigure-2.2.0.RELEASE.jar;C:\Users\Zack\.m2\repository\org\springframework\boot\spring-boot-starter-logging\2.2.0.RELEASE\spring-boot-starter-logging-2.2.0.RELEASE.jar;C:\Users\Zack\.m2\repository\ch\qos\logback\logback-classic\1.2.3\logback-classic-1.2.3.jar;C:\Users\Zack\.m2\repository\ch\qos\logback\logback-core\1.2.3\logback-core-1.2.3.jar;C:\Users\Zack\.m2\repository\org\apache\logging\log4j\log4j-to-slf4j\2.12.1\log4j-to-slf4j-2.12.1.jar;C:\Users\Zack\.m2\repository\org\apache\logging\log4j\log4j-api\2.12.1\log4j-api-2.12.1.jar;C:\Users\Zack\.m2\repository\org\slf4j\jul-to-slf4j\1.7.28\jul-to-slf4j-1.7.28.jar;C:\Users\Zack\.m2\repository\jakarta\annotation\jakarta.annotation-api\1.3.5\jakarta.annotation-api-1.3.5.jar;C:\Users\Zack\.m2\repository\org\yaml\snakeyaml\1.25\snakeyaml-1.25.jar;C:\Users\Zack\.m2\repository\org\springframework\boot\spring-boot-starter-json\2.2.0.RELEASE\spring-boot-starter-json-2.2.0.RELEASE.jar;C:\Users\Zack\.m2\repository\com\fasterxml\jackson\datatype\jackson-datatype-jdk8\2.10.0\jackson-datatype-jdk8-2.10.0.jar;C:\Users\Zack\.m2\repository\com\fasterxml\jackson\datatype\jackson-datatype-jsr310\2.10.0\jackson-datatype-jsr310-2.10.0.jar;C:\Users\Zack\.m2\repository\com\fasterxml\jackson\module\jackson-module-parameter-names\2.10.0\jackson-module-parameter-names-2.10.0.jar;C:\Users\Zack\.m2\repository\org\springframework\boot\spring-boot-starter-tomcat\2.2.0.RELE
Launcher Type: SUN_STANDARD

[Global flags]
     bool BytecodeVerificationLocal                = false                                     {product} {command line}
     bool BytecodeVerificationRemote               = false                                     {product} {command line}
     intx CICompilerCount                          = 4                                         {product} {ergonomic}
     uint ConcGCThreads                            = 3                                         {product} {ergonomic}
     uint G1ConcRefinementThreads                  = 10                                        {product} {ergonomic}
   size_t G1HeapRegionSize                         = 1048576                                   {product} {ergonomic}
    uintx GCDrainStackTargetSize                   = 64                                        {product} {ergonomic}
   size_t InitialHeapSize                          = 268435456                                 {product} {ergonomic}
     bool ManagementServer                         = true                                      {product} {command line}
   size_t MarkStackSize                            = 4194304                                   {product} {ergonomic}
   size_t MaxHeapSize                              = 4263510016                                {product} {ergonomic}
   size_t MaxNewSize                               = 2557476864                                {product} {ergonomic}
   size_t MinHeapDeltaBytes                        = 1048576                                   {product} {ergonomic}
    uintx NonNMethodCodeHeapSize                   = 7549744                                {pd product} {ergonomic}
    uintx NonProfiledCodeHeapSize                  = 244108496                              {pd product} {ergonomic}
    uintx ProfiledCodeHeapSize                     = 0                                      {pd product} {ergonomic}
    uintx ReservedCodeCacheSize                    = 251658240                              {pd product} {ergonomic}
     bool SegmentedCodeCache                       = true                                      {product} {ergonomic}
     intx TieredStopAtLevel                        = 1                                         {product} {command line}
     bool UseCompressedClassPointers               = true                                 {lp64_product} {ergonomic}
     bool UseCompressedOops                        = true                                 {lp64_product} {ergonomic}
     bool UseG1GC                                  = true                                      {product} {ergonomic}
     bool UseLargePagesIndividualAllocation        = false                                  {pd product} {ergonomic}

Logging:
Log output configuration:
 #0: stdout all=warning uptime,level,tags
 #1: stderr all=off uptime,level,tags

Environment Variables:
JAVA_HOME=C:\Program Files\Java\jdk-11.0.24
PATH=C:\Program Files\Common Files\Oracle\Java\javapath;C:\Program Files (x86)\Common Files\Oracle\Java\javapath;C:\Windows\system32;C:\Windows;C:\Windows\System32\Wbem;C:\Windows\System32\WindowsPowerShell\v1.0\;C:\Windows\System32\OpenSSH\;C:\Program Files (x86)\NVIDIA Corporation\PhysX\Common;C:\ProgramData\chocolatey\bin;C:\Program Files\Java\jdk-11.0.24\bin;C:\Program Files\NVIDIA Corporation\NVIDIA NvDLISR;C:\Program Files\Docker\Docker\resources\bin;C:\minikube;C:\Program Files\Kubernetes\Minikube;C:\Program Files\Git\cmd;C:\apache-maven-3.8.8\bin;C:\Users\Zack\AppData\Roaming\nvm;C:\Program Files\nodejs;C:\Program Files\nodejs\;C:\Program Files\Java\jdk-11.0.24\bin;C:\Program Files\Common Files\Oracle\Java\javapath;C:\Program Files (x86)\Common Files\Oracle\Java\javapath;C:\Windows\system32;C:\Windows;C:\Windows\System32\Wbem;C:\Windows\System32\WindowsPowerShell\v1.0\;C:\Windows\System32\OpenSSH\;C:\Program Files (x86)\NVIDIA Corporation\PhysX\Common;C:\ProgramData\chocolatey\bin;C:\Program Files\Java\jdk-11.0.24\bin;C:\Program Files\NVIDIA Corporation\NVIDIA NvDLISR;C:\Program Files\Docker\Docker\resources\bin;C:\minikube;C:\Program Files\Kubernetes\Minikube;C:\Program Files\Git\cmd;C:\apache-maven-3.8.8\bin;C:\Users\Zack\AppData\Roaming\nvm;C:\Program Files\nodejs;C:\Program Files\nodejs\;C:\Users\Zack\AppData\Roaming\nvm;C:\Program Files\nodejs;C:\Users\Zack\AppData\Roaming\npm;C:\Users\Zack\AppData\Local\Programs\Microsoft VS Code\bin
USERNAME=Zack
OS=Windows_NT
PROCESSOR_IDENTIFIER=Intel64 Family 6 Model 158 Stepping 10, GenuineIntel



---------------  S Y S T E M  ---------------

OS: Windows 10 , 64 bit Build 19041 (10.0.19041.4842)

CPU:total 12 (initial active 12) (6 cores per cpu, 2 threads per core) family 6 model 158 stepping 10 microcode 0xf6, cmov, cx8, fxsr, mmx, sse, sse2, sse3, ssse3, sse4.1, sse4.2, popcnt, avx, avx2, aes, clmul, erms, 3dnowpref, lzcnt, ht, tsc, tscinvbit, bmi1, bmi2, adx, fma

Memory: 4k page, system-wide physical 16256M (2420M free)
TotalPageFile size 20352M (AvailPageFile size 4691M)
current process WorkingSet (physical memory assigned to process): 120M, peak: 120M
current process commit charge ("private bytes"): 378M, peak: 378M

vm_info: Java HotSpot(TM) 64-Bit Server VM (11.0.24+7-LTS-271) for windows-amd64 JRE (11.0.24+7-LTS-271), built on Jun  5 2024 06:54:11 by "mach5one" with MS VC++ 17.6 (VS2022)

END.
